<?xml version="1.0" encoding="UTF-8"?>
<!-- Generated by org.testng.reporters.JUnitReportReporter -->
<testsuite hostname="INLN34409070A" failures="0" tests="1" name="com.mystore.testcases.AddToCartPageTest" time="56.344" errors="0" timestamp="2021-12-27T11:51:02 IST" skipped="0">
  <testcase classname="com.mystore.testcases.AddToCartPageTest" name="addToCartTest" time="56.344"/>
  <system-out/>
</testsuite> <!-- com.mystore.testcases.AddToCartPageTest -->
