<?xml version="1.0" encoding="UTF-8"?>
<!-- Generated by org.testng.reporters.JUnitReportReporter -->
<testsuite hostname="INLN34409070A" failures="0" tests="2" name="com.mystore.testcases.IndexPageTest" time="36.931" errors="0" timestamp="2021-12-27T11:51:02 IST" skipped="0">
  <testcase classname="com.mystore.testcases.IndexPageTest" name="verifytitle" time="18.881"/>
  <system-out/>
  <testcase classname="com.mystore.testcases.IndexPageTest" name="verifylogo" time="18.050"/>
  <system-out/>
</testsuite> <!-- com.mystore.testcases.IndexPageTest -->
