<?xml version="1.0" encoding="UTF-8"?>
<!-- Generated by org.testng.reporters.JUnitReportReporter -->
<testsuite hostname="INLN34409070A" failures="0" tests="1" name="com.mystore.testcases.SearchResultPageTest" time="26.378" errors="0" timestamp="2021-12-27T11:51:02 IST" skipped="0">
  <testcase classname="com.mystore.testcases.SearchResultPageTest" name="productavailability" time="26.378"/>
  <system-out/>
</testsuite> <!-- com.mystore.testcases.SearchResultPageTest -->
