<?xml version="1.0" encoding="UTF-8"?>
<!-- Generated by org.testng.reporters.JUnitReportReporter -->
<testsuite hostname="INLN34409070A" failures="0" tests="2" name="com.mystore.testcases.HomePageTest" time="87.524" errors="0" timestamp="2021-12-27T11:51:02 IST" skipped="0">
  <testcase classname="com.mystore.testcases.HomePageTest" name="wishListTest" time="44.343"/>
  <system-out/>
  <testcase classname="com.mystore.testcases.HomePageTest" name="orderHistoyDetailsPageTest" time="43.181"/>
  <system-out/>
</testsuite> <!-- com.mystore.testcases.HomePageTest -->
