<?xml version="1.0" encoding="UTF-8"?>
<!-- Generated by org.testng.reporters.JUnitReportReporter -->
<testsuite hostname="INLN34409070A" failures="0" tests="3" name="com.mystore.testcases.LoginPageTest" time="133.097" errors="0" timestamp="2021-12-27T11:51:02 IST" skipped="0">
  <testcase classname="com.mystore.testcases.LoginPageTest" name="logintest" time="41.057"/>
  <system-out/>
  <testcase classname="com.mystore.testcases.LoginPageTest" name="logintest" time="47.010"/>
  <system-out/>
  <testcase classname="com.mystore.testcases.LoginPageTest" name="logintest" time="45.030"/>
  <system-out/>
</testsuite> <!-- com.mystore.testcases.LoginPageTest -->
